{"level":"info","ts":"2021-12-27 16:36:51.520","logger":"srvA","caller":"022_zaplogger/main.go:14","msg":"log config completed..."}
{"level":"info","ts":"2021-12-27 16:37:04.333","logger":"srvA","caller":"gin@v1.7.7/context.go:168","msg":"aaaaaaaa"}
{"level":"info","ts":"2021-12-27 16:37:08.838","logger":"srvA","caller":"gin@v1.7.7/context.go:168","msg":"aaaaaaaa"}
{"level":"info","ts":"2021-12-27 16:38:11.689","logger":"srvA","caller":"022_zaplogger/main.go:12","msg":"log config completed..."}
{"level":"info","ts":"2021-12-27 16:38:14.695","logger":"srvA","caller":"runtime/proc.go:255","msg":"logger two "}
{"level":"error","ts":"2021-12-27 16:38:14.702","logger":"srvA","caller":"runtime/proc.go:255","msg":"logger three "}
{"level":"info","ts":"2021-12-27 16:38:17.696","logger":"srvA","caller":"runtime/proc.go:255","msg":"logger two "}
{"level":"error","ts":"2021-12-27 16:38:17.696","logger":"srvA","caller":"runtime/proc.go:255","msg":"logger three "}
{"level":"info","ts":"2021-12-27 16:38:20.696","logger":"srvA","caller":"runtime/proc.go:255","msg":"logger two "}
{"level":"error","ts":"2021-12-27 16:38:20.696","logger":"srvA","caller":"runtime/proc.go:255","msg":"logger three "}
{"level":"info","ts":"2021-12-27 16:38:52.899","logger":"srvA","caller":"022_zaplogger/main.go:12","msg":"log config completed..."}
{"level":"info","ts":"2021-12-27 16:38:55.907","logger":"srvA","caller":"runtime/proc.go:255","msg":"logger two info"}
{"level":"error","ts":"2021-12-27 16:38:55.910","logger":"srvA","caller":"runtime/proc.go:255","msg":"logger three error"}
{"level":"info","ts":"2021-12-27 16:38:58.908","logger":"srvA","caller":"runtime/proc.go:255","msg":"logger two info"}
{"level":"error","ts":"2021-12-27 16:38:58.908","logger":"srvA","caller":"runtime/proc.go:255","msg":"logger three error"}
{"level":"info","ts":"2021-12-27 16:39:01.908","logger":"srvA","caller":"runtime/proc.go:255","msg":"logger two info"}
{"level":"error","ts":"2021-12-27 16:39:01.908","logger":"srvA","caller":"runtime/proc.go:255","msg":"logger three error"}
{"level":"info","ts":"2021-12-27 16:39:04.908","logger":"srvA","caller":"runtime/proc.go:255","msg":"logger two info"}
{"level":"error","ts":"2021-12-27 16:39:04.908","logger":"srvA","caller":"runtime/proc.go:255","msg":"logger three error"}
{"level":"info","ts":"2021-12-27 16:39:07.907","logger":"srvA","caller":"runtime/proc.go:255","msg":"logger two info"}
{"level":"error","ts":"2021-12-27 16:39:07.908","logger":"srvA","caller":"runtime/proc.go:255","msg":"logger three error"}
{"level":"info","ts":"2021-12-27 16:39:10.909","logger":"srvA","caller":"runtime/proc.go:255","msg":"logger two info"}
{"level":"error","ts":"2021-12-27 16:39:10.909","logger":"srvA","caller":"runtime/proc.go:255","msg":"logger three error"}
{"level":"info","ts":"2021-12-27 16:39:13.909","logger":"srvA","caller":"runtime/proc.go:255","msg":"logger two info"}
{"level":"error","ts":"2021-12-27 16:39:13.909","logger":"srvA","caller":"runtime/proc.go:255","msg":"logger three error"}
{"level":"info","ts":"2021-12-27 16:39:16.907","logger":"srvA","caller":"runtime/proc.go:255","msg":"logger two info"}
{"level":"error","ts":"2021-12-27 16:39:16.908","logger":"srvA","caller":"runtime/proc.go:255","msg":"logger three error"}
{"level":"info","ts":"2021-12-27 16:39:19.908","logger":"srvA","caller":"runtime/proc.go:255","msg":"logger two info"}
{"level":"error","ts":"2021-12-27 16:39:19.908","logger":"srvA","caller":"runtime/proc.go:255","msg":"logger three error"}
