{"level":"\u001b[35mDEBUG\u001b[0m","ts":"2022-06-28 20:32:16.679","logger":"go-elk","caller":"go-log/main.go:39","msg":"logger one "}
{"level":"\u001b[34mINFO\u001b[0m","ts":"2022-06-28 20:32:16.699","logger":"go-elk","caller":"go-log/main.go:40","msg":"logger two "}
{"level":"\u001b[31mERROR\u001b[0m","ts":"2022-06-28 20:32:16.699","logger":"go-elk","caller":"go-log/main.go:41","msg":"logger 3 ","traceID":10001,"spanID":18988,"orderBook":8189891}
{"level":"\u001b[35mDEBUG\u001b[0m","ts":"2022-06-28 20:32:17.679","logger":"go-elk","caller":"go-log/main.go:39","msg":"logger one "}
{"level":"\u001b[34mINFO\u001b[0m","ts":"2022-06-28 20:32:17.691","logger":"go-elk","caller":"go-log/main.go:40","msg":"logger two "}
{"level":"\u001b[31mERROR\u001b[0m","ts":"2022-06-28 20:32:17.691","logger":"go-elk","caller":"go-log/main.go:41","msg":"logger 3 ","traceID":10001,"spanID":18988,"orderBook":8189891}
{"level":"\u001b[35mDEBUG\u001b[0m","ts":"2022-06-28 20:32:18.679","logger":"go-elk","caller":"go-log/main.go:39","msg":"logger one "}
{"level":"\u001b[34mINFO\u001b[0m","ts":"2022-06-28 20:32:18.680","logger":"go-elk","caller":"go-log/main.go:40","msg":"logger two "}
{"level":"\u001b[31mERROR\u001b[0m","ts":"2022-06-28 20:32:18.682","logger":"go-elk","caller":"go-log/main.go:41","msg":"logger 3 ","traceID":10001,"spanID":18988,"orderBook":8189891}
{"level":"\u001b[35mDEBUG\u001b[0m","ts":"2022-06-28 20:32:19.680","logger":"go-elk","caller":"go-log/main.go:39","msg":"logger one "}
{"level":"\u001b[34mINFO\u001b[0m","ts":"2022-06-28 20:32:19.680","logger":"go-elk","caller":"go-log/main.go:40","msg":"logger two "}
{"level":"\u001b[31mERROR\u001b[0m","ts":"2022-06-28 20:32:19.680","logger":"go-elk","caller":"go-log/main.go:41","msg":"logger 3 ","traceID":10001,"spanID":18988,"orderBook":8189891}
{"level":"\u001b[35mDEBUG\u001b[0m","ts":"2022-06-28 20:32:20.680","logger":"go-elk","caller":"go-log/main.go:39","msg":"logger one "}
{"level":"\u001b[34mINFO\u001b[0m","ts":"2022-06-28 20:32:20.680","logger":"go-elk","caller":"go-log/main.go:40","msg":"logger two "}
{"level":"\u001b[31mERROR\u001b[0m","ts":"2022-06-28 20:32:20.680","logger":"go-elk","caller":"go-log/main.go:41","msg":"logger 3 ","traceID":10001,"spanID":18988,"orderBook":8189891}
{"level":"\u001b[35mDEBUG\u001b[0m","ts":"2022-06-28 20:32:21.680","logger":"go-elk","caller":"go-log/main.go:39","msg":"logger one "}
{"level":"\u001b[34mINFO\u001b[0m","ts":"2022-06-28 20:32:21.680","logger":"go-elk","caller":"go-log/main.go:40","msg":"logger two "}
{"level":"\u001b[31mERROR\u001b[0m","ts":"2022-06-28 20:32:21.680","logger":"go-elk","caller":"go-log/main.go:41","msg":"logger 3 ","traceID":10001,"spanID":18988,"orderBook":8189891}
{"level":"\u001b[35mDEBUG\u001b[0m","ts":"2022-06-28 20:39:52.217","logger":"go-elk","caller":"go-log/main.go:39","msg":"logger one "}
{"level":"\u001b[34mINFO\u001b[0m","ts":"2022-06-28 20:39:52.219","logger":"go-elk","caller":"go-log/main.go:40","msg":"logger two "}
{"level":"\u001b[31mERROR\u001b[0m","ts":"2022-06-28 20:39:52.220","logger":"go-elk","caller":"go-log/main.go:41","msg":"logger 3 ","traceID":10001,"spanID":18988,"orderBook":8189891}
{"level":"\u001b[35mDEBUG\u001b[0m","ts":"2022-06-28 20:39:53.217","logger":"go-elk","caller":"go-log/main.go:39","msg":"logger one "}
{"level":"\u001b[34mINFO\u001b[0m","ts":"2022-06-28 20:39:53.217","logger":"go-elk","caller":"go-log/main.go:40","msg":"logger two "}
{"level":"\u001b[31mERROR\u001b[0m","ts":"2022-06-28 20:39:53.218","logger":"go-elk","caller":"go-log/main.go:41","msg":"logger 3 ","traceID":10001,"spanID":18988,"orderBook":8189891}
{"level":"\u001b[35mDEBUG\u001b[0m","ts":"2022-06-28 20:39:54.217","logger":"go-elk","caller":"go-log/main.go:39","msg":"logger one "}
{"level":"\u001b[34mINFO\u001b[0m","ts":"2022-06-28 20:39:54.217","logger":"go-elk","caller":"go-log/main.go:40","msg":"logger two "}
{"level":"\u001b[31mERROR\u001b[0m","ts":"2022-06-28 20:39:54.218","logger":"go-elk","caller":"go-log/main.go:41","msg":"logger 3 ","traceID":10001,"spanID":18988,"orderBook":8189891}
{"level":"\u001b[35mDEBUG\u001b[0m","ts":"2022-06-28 20:39:55.217","logger":"go-elk","caller":"go-log/main.go:39","msg":"logger one "}
{"level":"\u001b[34mINFO\u001b[0m","ts":"2022-06-28 20:39:55.218","logger":"go-elk","caller":"go-log/main.go:40","msg":"logger two "}
{"level":"\u001b[31mERROR\u001b[0m","ts":"2022-06-28 20:39:55.218","logger":"go-elk","caller":"go-log/main.go:41","msg":"logger 3 ","traceID":10001,"spanID":18988,"orderBook":8189891}
{"level":"\u001b[35mDEBUG\u001b[0m","ts":"2022-06-28 20:39:56.217","logger":"go-elk","caller":"go-log/main.go:39","msg":"logger one "}
{"level":"\u001b[34mINFO\u001b[0m","ts":"2022-06-28 20:39:56.217","logger":"go-elk","caller":"go-log/main.go:40","msg":"logger two "}
{"level":"\u001b[31mERROR\u001b[0m","ts":"2022-06-28 20:39:56.218","logger":"go-elk","caller":"go-log/main.go:41","msg":"logger 3 ","traceID":10001,"spanID":18988,"orderBook":8189891}
{"level":"\u001b[35mDEBUG\u001b[0m","ts":"2022-06-28 20:39:57.217","logger":"go-elk","caller":"go-log/main.go:39","msg":"logger one "}
{"level":"\u001b[34mINFO\u001b[0m","ts":"2022-06-28 20:39:57.218","logger":"go-elk","caller":"go-log/main.go:40","msg":"logger two "}
{"level":"\u001b[31mERROR\u001b[0m","ts":"2022-06-28 20:39:57.218","logger":"go-elk","caller":"go-log/main.go:41","msg":"logger 3 ","traceID":10001,"spanID":18988,"orderBook":8189891}
{"level":"\u001b[35mDEBUG\u001b[0m","ts":"2022-06-28 20:39:58.217","logger":"go-elk","caller":"go-log/main.go:39","msg":"logger one "}
{"level":"\u001b[34mINFO\u001b[0m","ts":"2022-06-28 20:39:58.218","logger":"go-elk","caller":"go-log/main.go:40","msg":"logger two "}
{"level":"\u001b[31mERROR\u001b[0m","ts":"2022-06-28 20:39:58.218","logger":"go-elk","caller":"go-log/main.go:41","msg":"logger 3 ","traceID":10001,"spanID":18988,"orderBook":8189891}
{"level":"\u001b[35mDEBUG\u001b[0m","ts":"2022-06-28 20:41:04.182","logger":"go-elk","caller":"go-log/main.go:39","msg":"logger one "}
{"level":"\u001b[34mINFO\u001b[0m","ts":"2022-06-28 20:41:04.184","logger":"go-elk","caller":"go-log/main.go:40","msg":"logger two "}
{"level":"\u001b[31mERROR\u001b[0m","ts":"2022-06-28 20:41:04.185","logger":"go-elk","caller":"go-log/main.go:41","msg":"logger 3 ","traceID":10001,"spanID":18988,"orderBook":8189891}
{"level":"\u001b[35mDEBUG\u001b[0m","ts":"2022-06-28 20:41:05.182","logger":"go-elk","caller":"go-log/main.go:39","msg":"logger one "}
{"level":"\u001b[34mINFO\u001b[0m","ts":"2022-06-28 20:41:05.182","logger":"go-elk","caller":"go-log/main.go:40","msg":"logger two "}
{"level":"\u001b[31mERROR\u001b[0m","ts":"2022-06-28 20:41:05.183","logger":"go-elk","caller":"go-log/main.go:41","msg":"logger 3 ","traceID":10001,"spanID":18988,"orderBook":8189891}
{"level":"\u001b[35mDEBUG\u001b[0m","ts":"2022-06-28 20:41:06.182","logger":"go-elk","caller":"go-log/main.go:39","msg":"logger one "}
{"level":"\u001b[34mINFO\u001b[0m","ts":"2022-06-28 20:41:06.182","logger":"go-elk","caller":"go-log/main.go:40","msg":"logger two "}
{"level":"\u001b[31mERROR\u001b[0m","ts":"2022-06-28 20:41:06.183","logger":"go-elk","caller":"go-log/main.go:41","msg":"logger 3 ","traceID":10001,"spanID":18988,"orderBook":8189891}
{"level":"\u001b[35mDEBUG\u001b[0m","ts":"2022-06-28 20:41:07.182","logger":"go-elk","caller":"go-log/main.go:39","msg":"logger one "}
{"level":"\u001b[34mINFO\u001b[0m","ts":"2022-06-28 20:41:07.183","logger":"go-elk","caller":"go-log/main.go:40","msg":"logger two "}
{"level":"\u001b[31mERROR\u001b[0m","ts":"2022-06-28 20:41:07.183","logger":"go-elk","caller":"go-log/main.go:41","msg":"logger 3 ","traceID":10001,"spanID":18988,"orderBook":8189891}
{"level":"\u001b[35mDEBUG\u001b[0m","ts":"2022-06-28 20:41:08.182","logger":"go-elk","caller":"go-log/main.go:39","msg":"logger one "}
{"level":"\u001b[34mINFO\u001b[0m","ts":"2022-06-28 20:41:08.183","logger":"go-elk","caller":"go-log/main.go:40","msg":"logger two "}
{"level":"\u001b[31mERROR\u001b[0m","ts":"2022-06-28 20:41:08.183","logger":"go-elk","caller":"go-log/main.go:41","msg":"logger 3 ","traceID":10001,"spanID":18988,"orderBook":8189891}
{"level":"\u001b[35mDEBUG\u001b[0m","ts":"2022-06-28 20:41:09.182","logger":"go-elk","caller":"go-log/main.go:39","msg":"logger one "}
{"level":"\u001b[34mINFO\u001b[0m","ts":"2022-06-28 20:41:09.183","logger":"go-elk","caller":"go-log/main.go:40","msg":"logger two "}
{"level":"\u001b[31mERROR\u001b[0m","ts":"2022-06-28 20:41:09.183","logger":"go-elk","caller":"go-log/main.go:41","msg":"logger 3 ","traceID":10001,"spanID":18988,"orderBook":8189891}
{"level":"\u001b[35mDEBUG\u001b[0m","ts":"2022-06-28 20:41:10.182","logger":"go-elk","caller":"go-log/main.go:39","msg":"logger one "}
{"level":"\u001b[34mINFO\u001b[0m","ts":"2022-06-28 20:41:10.183","logger":"go-elk","caller":"go-log/main.go:40","msg":"logger two "}
{"level":"\u001b[31mERROR\u001b[0m","ts":"2022-06-28 20:41:10.183","logger":"go-elk","caller":"go-log/main.go:41","msg":"logger 3 ","traceID":10001,"spanID":18988,"orderBook":8189891}
{"level":"\u001b[35mDEBUG\u001b[0m","ts":"2022-06-28 20:41:11.183","logger":"go-elk","caller":"go-log/main.go:39","msg":"logger one "}
{"level":"\u001b[34mINFO\u001b[0m","ts":"2022-06-28 20:41:11.183","logger":"go-elk","caller":"go-log/main.go:40","msg":"logger two "}
{"level":"\u001b[31mERROR\u001b[0m","ts":"2022-06-28 20:41:11.183","logger":"go-elk","caller":"go-log/main.go:41","msg":"logger 3 ","traceID":10001,"spanID":18988,"orderBook":8189891}
{"level":"\u001b[35mDEBUG\u001b[0m","ts":"2022-06-28 20:41:12.183","logger":"go-elk","caller":"go-log/main.go:39","msg":"logger one "}
{"level":"\u001b[34mINFO\u001b[0m","ts":"2022-06-28 20:41:12.183","logger":"go-elk","caller":"go-log/main.go:40","msg":"logger two "}
{"level":"\u001b[31mERROR\u001b[0m","ts":"2022-06-28 20:41:12.183","logger":"go-elk","caller":"go-log/main.go:41","msg":"logger 3 ","traceID":10001,"spanID":18988,"orderBook":8189891}
{"level":"\u001b[35mDEBUG\u001b[0m","ts":"2022-06-28 20:41:13.183","logger":"go-elk","caller":"go-log/main.go:39","msg":"logger one "}
{"level":"\u001b[34mINFO\u001b[0m","ts":"2022-06-28 20:41:13.183","logger":"go-elk","caller":"go-log/main.go:40","msg":"logger two "}
{"level":"\u001b[31mERROR\u001b[0m","ts":"2022-06-28 20:41:13.183","logger":"go-elk","caller":"go-log/main.go:41","msg":"logger 3 ","traceID":10001,"spanID":18988,"orderBook":8189891}
{"level":"\u001b[35mDEBUG\u001b[0m","ts":"2022-06-28 20:41:14.182","logger":"go-elk","caller":"go-log/main.go:39","msg":"logger one "}
{"level":"\u001b[34mINFO\u001b[0m","ts":"2022-06-28 20:41:14.182","logger":"go-elk","caller":"go-log/main.go:40","msg":"logger two "}
{"level":"\u001b[31mERROR\u001b[0m","ts":"2022-06-28 20:41:14.182","logger":"go-elk","caller":"go-log/main.go:41","msg":"logger 3 ","traceID":10001,"spanID":18988,"orderBook":8189891}
{"level":"\u001b[35mDEBUG\u001b[0m","ts":"2022-06-28 20:41:15.182","logger":"go-elk","caller":"go-log/main.go:39","msg":"logger one "}
{"level":"\u001b[34mINFO\u001b[0m","ts":"2022-06-28 20:41:15.182","logger":"go-elk","caller":"go-log/main.go:40","msg":"logger two "}
{"level":"\u001b[31mERROR\u001b[0m","ts":"2022-06-28 20:41:15.182","logger":"go-elk","caller":"go-log/main.go:41","msg":"logger 3 ","traceID":10001,"spanID":18988,"orderBook":8189891}
{"level":"\u001b[35mDEBUG\u001b[0m","ts":"2022-06-28 20:41:16.182","logger":"go-elk","caller":"go-log/main.go:39","msg":"logger one "}
{"level":"\u001b[34mINFO\u001b[0m","ts":"2022-06-28 20:41:16.182","logger":"go-elk","caller":"go-log/main.go:40","msg":"logger two "}
{"level":"\u001b[31mERROR\u001b[0m","ts":"2022-06-28 20:41:16.183","logger":"go-elk","caller":"go-log/main.go:41","msg":"logger 3 ","traceID":10001,"spanID":18988,"orderBook":8189891}
{"level":"\u001b[35mDEBUG\u001b[0m","ts":"2022-06-28 20:41:17.182","logger":"go-elk","caller":"go-log/main.go:39","msg":"logger one "}
{"level":"\u001b[34mINFO\u001b[0m","ts":"2022-06-28 20:41:17.182","logger":"go-elk","caller":"go-log/main.go:40","msg":"logger two "}
{"level":"\u001b[31mERROR\u001b[0m","ts":"2022-06-28 20:41:17.183","logger":"go-elk","caller":"go-log/main.go:41","msg":"logger 3 ","traceID":10001,"spanID":18988,"orderBook":8189891}
{"level":"\u001b[35mDEBUG\u001b[0m","ts":"2022-06-28 20:41:18.182","logger":"go-elk","caller":"go-log/main.go:39","msg":"logger one "}
{"level":"\u001b[34mINFO\u001b[0m","ts":"2022-06-28 20:41:18.183","logger":"go-elk","caller":"go-log/main.go:40","msg":"logger two "}
{"level":"\u001b[31mERROR\u001b[0m","ts":"2022-06-28 20:41:18.183","logger":"go-elk","caller":"go-log/main.go:41","msg":"logger 3 ","traceID":10001,"spanID":18988,"orderBook":8189891}
{"level":"\u001b[35mDEBUG\u001b[0m","ts":"2022-06-28 20:41:19.182","logger":"go-elk","caller":"go-log/main.go:39","msg":"logger one "}
{"level":"\u001b[34mINFO\u001b[0m","ts":"2022-06-28 20:41:19.182","logger":"go-elk","caller":"go-log/main.go:40","msg":"logger two "}
{"level":"\u001b[31mERROR\u001b[0m","ts":"2022-06-28 20:41:19.183","logger":"go-elk","caller":"go-log/main.go:41","msg":"logger 3 ","traceID":10001,"spanID":18988,"orderBook":8189891}
{"level":"debug","ts":"2022-06-28 20:41:35.909","logger":"go-elk","caller":"go-log/main.go:39","msg":"logger one "}
{"level":"info","ts":"2022-06-28 20:41:35.911","logger":"go-elk","caller":"go-log/main.go:40","msg":"logger two "}
{"level":"error","ts":"2022-06-28 20:41:35.911","logger":"go-elk","caller":"go-log/main.go:41","msg":"logger 3 ","traceID":10001,"spanID":18988,"orderBook":8189891}
{"level":"debug","ts":"2022-06-28 20:41:36.909","logger":"go-elk","caller":"go-log/main.go:39","msg":"logger one "}
{"level":"info","ts":"2022-06-28 20:41:36.909","logger":"go-elk","caller":"go-log/main.go:40","msg":"logger two "}
{"level":"error","ts":"2022-06-28 20:41:36.909","logger":"go-elk","caller":"go-log/main.go:41","msg":"logger 3 ","traceID":10001,"spanID":18988,"orderBook":8189891}
{"level":"debug","ts":"2022-06-28 20:41:37.909","logger":"go-elk","caller":"go-log/main.go:39","msg":"logger one "}
{"level":"info","ts":"2022-06-28 20:41:37.909","logger":"go-elk","caller":"go-log/main.go:40","msg":"logger two "}
{"level":"error","ts":"2022-06-28 20:41:37.909","logger":"go-elk","caller":"go-log/main.go:41","msg":"logger 3 ","traceID":10001,"spanID":18988,"orderBook":8189891}
{"level":"debug","ts":"2022-06-28 20:41:38.909","logger":"go-elk","caller":"go-log/main.go:39","msg":"logger one "}
{"level":"info","ts":"2022-06-28 20:41:38.909","logger":"go-elk","caller":"go-log/main.go:40","msg":"logger two "}
{"level":"error","ts":"2022-06-28 20:41:38.909","logger":"go-elk","caller":"go-log/main.go:41","msg":"logger 3 ","traceID":10001,"spanID":18988,"orderBook":8189891}
